Loading the ModusToolbox Technology Packs and Early Access Packs
Finished loading the ModusToolbox Technology Packs and Early Access Packs (0 ms)
Loading the tools information
Finished loading the tools information (19 ms)
Loading the manifest data
Loading super manfiest files from all sources
Getting manifests from remote and/or local sources
Processing system manifest 'https://modustoolbox.infineon.com/manifests/mtb-super-manifest/v2.X/mtb-super-manifest-fv2.xml'
Downloading super manifest file 'https://modustoolbox.infineon.com/manifests/mtb-super-manifest/v2.X/mtb-super-manifest-fv2.xml'
Finished loading super manifest files from all sources
Finished download of file 'https://modustoolbox.infineon.com/manifests/mtb-super-manifest/v2.X/mtb-super-manifest-fv2.xml'
Starting to parse super manifest with URL 'https://modustoolbox.infineon.com/manifests/mtb-super-manifest/v2.X/mtb-super-manifest-fv2.xml'
Finished parsing super manifest with URL 'https://modustoolbox.infineon.com/manifests/mtb-super-manifest/v2.X/mtb-super-manifest-fv2.xml'
Downloading manifest file 'https://github.com/Infineon/mtb-ce-manifest/raw/v2.X/mtb-ce-manifest.xml'
Downloading manifest file 'https://github.com/Infineon/mtb-ce-manifest/raw/v2.X/mtb-ce-manifest-fv2.xml'
Downloading manifest file 'https://github.com/Infineon/mtb-bt-app-manifest/raw/v2.X/mtb-bt-app-manifest.xml'
Downloading manifest file 'https://github.com/Infineon/mtb-bt-app-manifest/raw/v2.X/mtb-bt-app-manifest-fv2.xml'
Downloading manifest file 'https://github.com/Infineon/cce-app-manifest/raw/v2.X/cce-app-manifest-fv2.xml'
Downloading manifest file 'https://github.com/CyberonEBU/cyberon-mtb-ce-manifest/raw/main/cyberon-mtb-ce-manifest-fv2.xml'
Downloading manifest file 'https://github.com/edgeimpulse/edgeimpulse-ce-manifest/raw/main/edgeimpulse-ce-manifest-fv2.xml'
Downloading manifest file 'https://github.com/golioth/mtb-golioth-ce-manifest/raw/main/mtb-golioth-ce-manifest-fv2.xml'
Downloading manifest file 'https://github.com/memfault/mtb-memfault-ce-manifest/raw/main/mtb-memfault-ce-manifest-fv2.xml'
Downloading manifest file 'https://github.com/RutronikSystemSolutions/rutronik-ce-manifest/raw/main/rutronik-ce-manifest-fv2.xml'
Downloading manifest file 'https://github.com/sensiml/sensiml-ce-manifest/raw/main/sensiml-ce-manifest-fv2.xml'
Downloading manifest file 'https://github.com/Infineon/mtb-bsp-manifest/raw/v2.X/mtb-bsp-manifest.xml'
Downloading manifest file 'https://github.com/Infineon/mtb-bsp-manifest/raw/v2.X/mtb-bsp-capabilities-manifest.json'
Downloading manifest file 'https://github.com/Infineon/mtb-bsp-manifest/raw/v2.X/mtb-bsp-manifest-fv2.xml'
Downloading manifest file 'https://github.com/Infineon/mtb-bsp-manifest/raw/v2.X/mtb-bsp-dependencies-manifest.xml'
Downloading manifest file 'https://github.com/Infineon/mtb-bt-bsp-manifest/raw/v2.X/mtb-bt-bsp-manifest.xml'
Downloading manifest file 'https://github.com/Infineon/mtb-bt-bsp-manifest/raw/v2.X/mtb-bt-bsp-manifest-fv2.xml'
Downloading manifest file 'https://github.com/Infineon/mtb-bt-bsp-manifest/raw/v2.X/mtb-bt-bsp-dependencies-manifest.xml'
Downloading manifest file 'https://github.com/RutronikSystemSolutions/rutronik-bsp-manifest/raw/main/rutronik-bsp-manifest-fv2.xml'
Downloading manifest file 'https://github.com/RutronikSystemSolutions/rutronik-bsp-manifest/raw/main/rutronik-bsp-dependencies-manifest.xml'
Downloading manifest file 'https://github.com/Infineon/mtb-mw-manifest/raw/v2.X/mtb-mw-manifest.xml'
Downloading manifest file 'https://github.com/Infineon/mtb-mw-manifest/raw/v2.X/mtb-mw-manifest-fv2.xml'
Downloading manifest file 'https://github.com/Infineon/mtb-mw-manifest/raw/v2.X/mtb-mw-dependencies-manifest.xml'
Downloading manifest file 'https://github.com/Infineon/mtb-bt-mw-manifest/raw/v2.X/mtb-bt-mw-manifest.xml'
Downloading manifest file 'https://github.com/Infineon/mtb-bt-mw-manifest/raw/v2.X/mtb-bt-mw-manifest-fv2.xml'
Downloading manifest file 'https://github.com/Infineon/mtb-bt-mw-manifest/raw/v2.X/mtb-bt-mw-dependencies-manifest.xml'
Downloading manifest file 'https://github.com/Infineon/mtb-wifi-mw-manifest/raw/v2.X/mtb-wifi-mw-manifest.xml'
Downloading manifest file 'https://github.com/Infineon/mtb-wifi-mw-manifest/raw/v2.X/mtb-wifi-mw-manifest-fv2.xml'
Downloading manifest file 'https://github.com/Infineon/mtb-wifi-mw-manifest/raw/v2.X/mtb-wifi-mw-dependencies-manifest.xml'
Downloading manifest file 'https://github.com/CyberonEBU/cyberon-mtb-mw-manifest/raw/main/cyberon-mtb-mw-manifest-fv2.xml'
Downloading manifest file 'https://github.com/golioth/mtb-golioth-mw-manifest/raw/main/mtb-golioth-mw-manifest-fv2.xml'
Downloading manifest file 'https://github.com/memfault/mtb-memfault-mw-manifest/raw/main/mtb-memfault-mw-manifest-fv2.xml'
Downloading manifest file 'https://github.com/sensiml/sensiml-mw-manifest/raw/main/sensiml-mw-manifest-fv2.xml'
Finished download of file 'https://github.com/Infineon/mtb-ce-manifest/raw/v2.X/mtb-ce-manifest.xml'
Finished download of file 'https://github.com/Infineon/mtb-ce-manifest/raw/v2.X/mtb-ce-manifest-fv2.xml'
Finished download of file 'https://github.com/Infineon/mtb-bt-app-manifest/raw/v2.X/mtb-bt-app-manifest.xml'
Finished download of file 'https://github.com/Infineon/mtb-bt-app-manifest/raw/v2.X/mtb-bt-app-manifest-fv2.xml'
Finished download of file 'https://github.com/Infineon/cce-app-manifest/raw/v2.X/cce-app-manifest-fv2.xml'
Finished download of file 'https://github.com/CyberonEBU/cyberon-mtb-ce-manifest/raw/main/cyberon-mtb-ce-manifest-fv2.xml'
Finished download of file 'https://github.com/edgeimpulse/edgeimpulse-ce-manifest/raw/main/edgeimpulse-ce-manifest-fv2.xml'
Finished download of file 'https://github.com/golioth/mtb-golioth-ce-manifest/raw/main/mtb-golioth-ce-manifest-fv2.xml'
Finished download of file 'https://github.com/memfault/mtb-memfault-ce-manifest/raw/main/mtb-memfault-ce-manifest-fv2.xml'
Finished download of file 'https://github.com/RutronikSystemSolutions/rutronik-ce-manifest/raw/main/rutronik-ce-manifest-fv2.xml'
Finished download of file 'https://github.com/sensiml/sensiml-ce-manifest/raw/main/sensiml-ce-manifest-fv2.xml'
Finished download of file 'https://github.com/Infineon/mtb-bsp-manifest/raw/v2.X/mtb-bsp-manifest.xml'
Finished download of file 'https://github.com/Infineon/mtb-bsp-manifest/raw/v2.X/mtb-bsp-capabilities-manifest.json'
Finished download of file 'https://github.com/Infineon/mtb-bsp-manifest/raw/v2.X/mtb-bsp-manifest-fv2.xml'
Finished download of file 'https://github.com/Infineon/mtb-bsp-manifest/raw/v2.X/mtb-bsp-dependencies-manifest.xml'
Finished download of file 'https://github.com/Infineon/mtb-bt-bsp-manifest/raw/v2.X/mtb-bt-bsp-manifest.xml'
Finished download of file 'https://github.com/Infineon/mtb-bt-bsp-manifest/raw/v2.X/mtb-bt-bsp-manifest-fv2.xml'
Finished download of file 'https://github.com/Infineon/mtb-bt-bsp-manifest/raw/v2.X/mtb-bt-bsp-dependencies-manifest.xml'
Finished download of file 'https://github.com/RutronikSystemSolutions/rutronik-bsp-manifest/raw/main/rutronik-bsp-manifest-fv2.xml'
Finished download of file 'https://github.com/RutronikSystemSolutions/rutronik-bsp-manifest/raw/main/rutronik-bsp-dependencies-manifest.xml'
Finished download of file 'https://github.com/Infineon/mtb-mw-manifest/raw/v2.X/mtb-mw-manifest.xml'
Finished download of file 'https://github.com/Infineon/mtb-mw-manifest/raw/v2.X/mtb-mw-manifest-fv2.xml'
Finished download of file 'https://github.com/Infineon/mtb-mw-manifest/raw/v2.X/mtb-mw-dependencies-manifest.xml'
Finished download of file 'https://github.com/Infineon/mtb-bt-mw-manifest/raw/v2.X/mtb-bt-mw-manifest.xml'
Finished download of file 'https://github.com/Infineon/mtb-bt-mw-manifest/raw/v2.X/mtb-bt-mw-manifest-fv2.xml'
Finished download of file 'https://github.com/Infineon/mtb-bt-mw-manifest/raw/v2.X/mtb-bt-mw-dependencies-manifest.xml'
Finished download of file 'https://github.com/Infineon/mtb-wifi-mw-manifest/raw/v2.X/mtb-wifi-mw-manifest.xml'
Finished download of file 'https://github.com/Infineon/mtb-wifi-mw-manifest/raw/v2.X/mtb-wifi-mw-manifest-fv2.xml'
Finished download of file 'https://github.com/Infineon/mtb-wifi-mw-manifest/raw/v2.X/mtb-wifi-mw-dependencies-manifest.xml'
Finished download of file 'https://github.com/CyberonEBU/cyberon-mtb-mw-manifest/raw/main/cyberon-mtb-mw-manifest-fv2.xml'
Finished download of file 'https://github.com/golioth/mtb-golioth-mw-manifest/raw/main/mtb-golioth-mw-manifest-fv2.xml'
Finished download of file 'https://github.com/memfault/mtb-memfault-mw-manifest/raw/main/mtb-memfault-mw-manifest-fv2.xml'
Finished download of file 'https://github.com/sensiml/sensiml-mw-manifest/raw/main/sensiml-mw-manifest-fv2.xml'
Finished loading the manifest data (1999 ms)
Loading the device db
Finished loading the device db (39571 ms)
0 error(s), 0 warning(s)

Summary: 

BSP: CY8CKIT-062-WIFI-BT
Template Application(s): HAL I2C Master
Application(s) Root Path: C:/02_PXL/Embedded_Systemen_PXL_2024/LAB_3

Press "Create" to create the selected application(s).

Collecting application data...

Info: The following entered on the command line will create the exact same project as that created with the GUI tool:
C:/Users/seppe/ModusToolbox/tools_3.1/project-creator/project-creator-cli.exe --board-id CY8CKIT-062-WIFI-BT --board-uri https://github.com/cypresssemiconductorco/TARGET_CY8CKIT-062-WIFI-BT --board-commit latest-v4.X --app-id mtb-example-hal-i2c-master --app-uri https://github.com/Infineon/mtb-example-hal-i2c-master --app-commit latest-v3.X --target-dir C:/02_PXL/Embedded_Systemen_PXL_2024/LAB_3 --user-app-name OEF_1 --use-modus-shell

Starting application creation for 'C:/02_PXL/Embedded_Systemen_PXL_2024/LAB_3/OEF_1'.
Acquiring the application source 'https://github.com/Infineon/mtb-example-hal-i2c-master'.
Acquired application source successfully.
Loading the application.
Loaded the application successfully.
Processing project 'OEF_1'.
Starting to commit changes to the filesystem and project 'mtb-example-hal-i2c-master'.
Writing mtb file for asset 'CY8CKIT-062-WIFI-BT' to the folder 'C:/02_PXL/Embedded_Systemen_PXL_2024/LAB_3/OEF_1/deps'.
Writing mtb file for asset 'cat1cm0p' to the folder 'C:/02_PXL/Embedded_Systemen_PXL_2024/LAB_3/OEF_1/libs'.
Writing mtb file for asset 'core-lib' to the folder 'C:/02_PXL/Embedded_Systemen_PXL_2024/LAB_3/OEF_1/libs'.
Writing mtb file for asset 'core-make' to the folder 'C:/02_PXL/Embedded_Systemen_PXL_2024/LAB_3/OEF_1/libs'.
Writing mtb file for asset 'mtb-hal-cat1' to the folder 'C:/02_PXL/Embedded_Systemen_PXL_2024/LAB_3/OEF_1/libs'.
Writing mtb file for asset 'mtb-pdl-cat1' to the folder 'C:/02_PXL/Embedded_Systemen_PXL_2024/LAB_3/OEF_1/libs'.
Writing mtb file for asset 'recipe-make-cat1a' to the folder 'C:/02_PXL/Embedded_Systemen_PXL_2024/LAB_3/OEF_1/libs'.
Writing mtb file for asset 'udb-sdio-whd' to the folder 'C:/02_PXL/Embedded_Systemen_PXL_2024/LAB_3/OEF_1/libs'.
Writing mtb file for asset 'cmsis' to the folder 'C:/02_PXL/Embedded_Systemen_PXL_2024/LAB_3/OEF_1/libs'.
Writing mtb file for asset 'retarget-io' to the folder 'C:/02_PXL/Embedded_Systemen_PXL_2024/LAB_3/OEF_1/deps'.
Starting: git -C C:/02_PXL/Embedded_Systemen_PXL_2024/LAB_3/OEF_1/libs clone --origin cypress --no-checkout https://github.com/cypresssemiconductorco/TARGET_CY8CKIT-062-WIFI-BT TARGET_CY8CKIT-062-WIFI-BT
Starting: git -C C:/02_PXL/Embedded_Systemen_PXL_2024/LAB_3/mtb_shared/retarget-io clone --origin cypress --no-checkout https://github.com/cypresssemiconductorco/retarget-io release-v1.5.0
Starting: git -C C:/02_PXL/Embedded_Systemen_PXL_2024/LAB_3/mtb_shared/cat1cm0p clone --origin cypress --no-checkout https://github.com/Infineon/cat1cm0p release-v1.1.0
Starting: git -C C:/02_PXL/Embedded_Systemen_PXL_2024/LAB_3/mtb_shared/core-lib clone --origin cypress --no-checkout https://github.com/cypresssemiconductorco/core-lib release-v1.4.1
Cloning into 'TARGET_CY8CKIT-062-WIFI-BT'...
Cloning into 'release-v1.5.0'...
Cloning into 'release-v1.1.0'...
Cloning into 'release-v1.4.1'...
Success: git -C C:/02_PXL/Embedded_Systemen_PXL_2024/LAB_3/mtb_shared/core-lib clone --origin cypress --no-checkout https://github.com/cypresssemiconductorco/core-lib release-v1.4.1
Starting: git -C C:/02_PXL/Embedded_Systemen_PXL_2024/LAB_3/mtb_shared/core-make clone --origin cypress --no-checkout https://github.com/cypresssemiconductorco/core-make release-v3.2.2
Cloning into 'release-v3.2.2'...
Success: git -C C:/02_PXL/Embedded_Systemen_PXL_2024/LAB_3/OEF_1/libs clone --origin cypress --no-checkout https://github.com/cypresssemiconductorco/TARGET_CY8CKIT-062-WIFI-BT TARGET_CY8CKIT-062-WIFI-BT
Starting: git -C C:/02_PXL/Embedded_Systemen_PXL_2024/LAB_3/mtb_shared/mtb-hal-cat1 clone --origin cypress --no-checkout https://github.com/cypresssemiconductorco/mtb-hal-cat1 release-v2.4.3
Cloning into 'release-v2.4.3'...
Success: git -C C:/02_PXL/Embedded_Systemen_PXL_2024/LAB_3/mtb_shared/retarget-io clone --origin cypress --no-checkout https://github.com/cypresssemiconductorco/retarget-io release-v1.5.0
Starting: git -C C:/02_PXL/Embedded_Systemen_PXL_2024/LAB_3/mtb_shared/mtb-pdl-cat1 clone --origin cypress --no-checkout https://github.com/cypresssemiconductorco/mtb-pdl-cat1 release-v3.7.0
Cloning into 'release-v3.7.0'...
Success: git -C C:/02_PXL/Embedded_Systemen_PXL_2024/LAB_3/mtb_shared/core-make clone --origin cypress --no-checkout https://github.com/cypresssemiconductorco/core-make release-v3.2.2
Starting: git -C C:/02_PXL/Embedded_Systemen_PXL_2024/LAB_3/mtb_shared/recipe-make-cat1a clone --origin cypress --no-checkout https://github.com/cypresssemiconductorco/recipe-make-cat1a release-v2.1.1
Cloning into 'release-v2.1.1'...
Success: git -C C:/02_PXL/Embedded_Systemen_PXL_2024/LAB_3/mtb_shared/cat1cm0p clone --origin cypress --no-checkout https://github.com/Infineon/cat1cm0p release-v1.1.0
Starting: git -C C:/02_PXL/Embedded_Systemen_PXL_2024/LAB_3/mtb_shared/udb-sdio-whd clone --origin cypress --no-checkout https://github.com/cypresssemiconductorco/udb-sdio-whd release-v1.2.1
Cloning into 'release-v1.2.1'...
Success: git -C C:/02_PXL/Embedded_Systemen_PXL_2024/LAB_3/mtb_shared/recipe-make-cat1a clone --origin cypress --no-checkout https://github.com/cypresssemiconductorco/recipe-make-cat1a release-v2.1.1
Starting: git -C C:/02_PXL/Embedded_Systemen_PXL_2024/LAB_3/mtb_shared/cmsis clone --origin cypress --no-checkout https://github.com/Infineon/cmsis release-v5.8.0
Cloning into 'release-v5.8.0'...
Success: git -C C:/02_PXL/Embedded_Systemen_PXL_2024/LAB_3/mtb_shared/udb-sdio-whd clone --origin cypress --no-checkout https://github.com/cypresssemiconductorco/udb-sdio-whd release-v1.2.1
Starting: git -C C:/02_PXL/Embedded_Systemen_PXL_2024/LAB_3/mtb_shared/core-lib/release-v1.4.1 -c advice.detachedHead=false checkout release-v1.4.1 --force
HEAD is now at a74be8b Upload core-lib [1796]
Success: git -C C:/02_PXL/Embedded_Systemen_PXL_2024/LAB_3/mtb_shared/cmsis clone --origin cypress --no-checkout https://github.com/Infineon/cmsis release-v5.8.0
Starting: git -C C:/02_PXL/Embedded_Systemen_PXL_2024/LAB_3/OEF_1/libs/TARGET_CY8CKIT-062-WIFI-BT -c advice.detachedHead=false checkout release-v4.2.0 --force
Success: git -C C:/02_PXL/Embedded_Systemen_PXL_2024/LAB_3/mtb_shared/core-lib/release-v1.4.1 -c advice.detachedHead=false checkout release-v1.4.1 --force
Starting: git -C C:/02_PXL/Embedded_Systemen_PXL_2024/LAB_3/mtb_shared/retarget-io/release-v1.5.0 -c advice.detachedHead=false checkout release-v1.5.0 --force
HEAD is now at db7f962 Upload retarget-io [1515]
Success: git -C C:/02_PXL/Embedded_Systemen_PXL_2024/LAB_3/mtb_shared/retarget-io/release-v1.5.0 -c advice.detachedHead=false checkout release-v1.5.0 --force
Starting: git -C C:/02_PXL/Embedded_Systemen_PXL_2024/LAB_3/mtb_shared/core-make/release-v3.2.2 -c advice.detachedHead=false checkout release-v3.2.2 --force
HEAD is now at b962a1e Upload core-make 3.2.2.4739 [1647]
Success: git -C C:/02_PXL/Embedded_Systemen_PXL_2024/LAB_3/mtb_shared/core-make/release-v3.2.2 -c advice.detachedHead=false checkout release-v3.2.2 --force
Starting: git -C C:/02_PXL/Embedded_Systemen_PXL_2024/LAB_3/mtb_shared/cat1cm0p/release-v1.1.0 -c advice.detachedHead=false checkout release-v1.1.0 --force
HEAD is now at 4995428 Upload cat1cm0p 1.1.0.224 [1514]
Success: git -C C:/02_PXL/Embedded_Systemen_PXL_2024/LAB_3/mtb_shared/cat1cm0p/release-v1.1.0 -c advice.detachedHead=false checkout release-v1.1.0 --force
Starting: git -C C:/02_PXL/Embedded_Systemen_PXL_2024/LAB_3/mtb_shared/recipe-make-cat1a/release-v2.1.1 -c advice.detachedHead=false checkout release-v2.1.1 --force
HEAD is now at 764a346 Upload TARGET_CY8CKIT-062-WIFI-BT [1515]
Success: git -C C:/02_PXL/Embedded_Systemen_PXL_2024/LAB_3/OEF_1/libs/TARGET_CY8CKIT-062-WIFI-BT -c advice.detachedHead=false checkout release-v4.2.0 --force
Starting: git -C C:/02_PXL/Embedded_Systemen_PXL_2024/LAB_3/mtb_shared/udb-sdio-whd/release-v1.2.1 -c advice.detachedHead=false checkout release-v1.2.1 --force
HEAD is now at 9cbdee3 Upload recipe-make-cat1a 2.1.1.4648 [1380]
Success: git -C C:/02_PXL/Embedded_Systemen_PXL_2024/LAB_3/mtb_shared/recipe-make-cat1a/release-v2.1.1 -c advice.detachedHead=false checkout release-v2.1.1 --force
Starting: git -C C:/02_PXL/Embedded_Systemen_PXL_2024/LAB_3/mtb_shared/cmsis/release-v5.8.0 -c advice.detachedHead=false checkout release-v5.8.0 --force
HEAD is now at 9ecf7fb Upload udb-sdio-whd [990]
Success: git -C C:/02_PXL/Embedded_Systemen_PXL_2024/LAB_3/mtb_shared/udb-sdio-whd/release-v1.2.1 -c advice.detachedHead=false checkout release-v1.2.1 --force
Success: git -C C:/02_PXL/Embedded_Systemen_PXL_2024/LAB_3/mtb_shared/mtb-hal-cat1 clone --origin cypress --no-checkout https://github.com/cypresssemiconductorco/mtb-hal-cat1 release-v2.4.3
Starting: git -C C:/02_PXL/Embedded_Systemen_PXL_2024/LAB_3/mtb_shared/mtb-hal-cat1/release-v2.4.3 -c advice.detachedHead=false checkout release-v2.4.3 --force
HEAD is now at ce02f64 Upload cmsis 5.8.0.50
Success: git -C C:/02_PXL/Embedded_Systemen_PXL_2024/LAB_3/mtb_shared/cmsis/release-v5.8.0 -c advice.detachedHead=false checkout release-v5.8.0 --force
Success: git -C C:/02_PXL/Embedded_Systemen_PXL_2024/LAB_3/mtb_shared/mtb-pdl-cat1 clone --origin cypress --no-checkout https://github.com/cypresssemiconductorco/mtb-pdl-cat1 release-v3.7.0
Starting: git -C C:/02_PXL/Embedded_Systemen_PXL_2024/LAB_3/mtb_shared/mtb-pdl-cat1/release-v3.7.0 -c advice.detachedHead=false checkout release-v3.7.0 --force
HEAD is now at 0373e75 Upload mtb-hal-cat1 [1864]
Success: git -C C:/02_PXL/Embedded_Systemen_PXL_2024/LAB_3/mtb_shared/mtb-hal-cat1/release-v2.4.3 -c advice.detachedHead=false checkout release-v2.4.3 --force
HEAD is now at 94eb787 Upload mtb-pdl-cat1 3.7.0.27344 [1864]
Success: git -C C:/02_PXL/Embedded_Systemen_PXL_2024/LAB_3/mtb_shared/mtb-pdl-cat1/release-v3.7.0 -c advice.detachedHead=false checkout release-v3.7.0 --force
Requested to change the active target to 'APP_CY8CKIT-062-WIFI-BT'.
Removed the file 'C:/02_PXL/Embedded_Systemen_PXL_2024/LAB_3/OEF_1/deps/TARGET_CY8CKIT-062-WIFI-BT.mtb'.
Writing the file 'C:/02_PXL/Embedded_Systemen_PXL_2024/LAB_3/OEF_1/libs/app.mk'.
Successfully committed changes to the project 'mtb-example-hal-i2c-master'.
Project "OEF_1" created successfully.
Successfully created "OEF_1" application.
==============================================================================
= Export "OEF_1" application to Eclipse IDE for ModusToolbox™ =
==============================================================================
make eclipse CY_IDE_PRJNAME=OEF_1 CY_MAKE_IDE=eclipse CY_MAKE_IDE_VERSION=3.1 CY_TOOLS_PATHS=C:/Users/seppe/ModusToolbox/tools_3.1 MTB_MAKE_ECLIPSE_FORCE_REGENERATE_PROJECT=1
Tools Directory: C:/Users/seppe/ModusToolbox/tools_3.1
Removing .mtbqueryapi file...
Searching installed tools in progress...
Searching installed tools complete
Initializing build: mtb-example-hal-i2c-master Debug APP_CY8CKIT-062-WIFI-BT GCC_ARM
Prebuild operations complete
Auto-discovery in progress...
Auto-discovery complete
Commencing build operations...
Tools Directory: C:/Users/seppe/ModusToolbox/tools_3.1
Constructing build rules...
Build rules construction complete
==============================================================================
= Building application =
==============================================================================
Generating compilation database file...
-> ./build/compile_commands.json
Compilation database file generation complete
Generated C:/02_PXL/Embedded_Systemen_PXL_2024/LAB_3/OEF_1/.cproject
Generated C:/02_PXL/Embedded_Systemen_PXL_2024/LAB_3/OEF_1/.project
Generated C:/02_PXL/Embedded_Systemen_PXL_2024/LAB_3/OEF_1/.mtbLaunchConfigs/OEF_1 Attach (KitProg3_MiniProg4).launch
Generated C:/02_PXL/Embedded_Systemen_PXL_2024/LAB_3/OEF_1/.mtbLaunchConfigs/OEF_1 Debug (KitProg3_MiniProg4).launch
Generated C:/02_PXL/Embedded_Systemen_PXL_2024/LAB_3/OEF_1/.mtbLaunchConfigs/OEF_1 Erase (KitProg3_MiniProg4).launch
Generated C:/02_PXL/Embedded_Systemen_PXL_2024/LAB_3/OEF_1/.mtbLaunchConfigs/OEF_1 Program (KitProg3_MiniProg4).launch
Instructions:
1. Open Eclipse IDE for ModusToolbox
2. Select 'Import Existing Application In-Place' from the QuickPanel
3. Browse to the application root directory
The application "OEF_1" was successfully exported to Eclipse IDE for ModusToolbox™.
0 error(s), 0 warning(s)

Summary:

Successfully created and exported "OEF_1" application.
